[INFO] Logger started at 2026-06-27 10:09:42
[INFO] Executable name: /home/ranger_merton/Jts/1045/.install4j/restarter
[INFO] install4j version: 10.0.8 (build 10152)
[INFO] Properties: 
-- listing properties --
java.specification.version=17
install4j.launcherId=640
sun.jnu.encoding=UTF-8
java.class.path=/home/ranger_merton/Jts/1045/.install...
java.vm.vendor=Azul Systems, Inc.
sun.arch.data.model=64
install4j.exeDir=/home/ranger_merton/Jts/1045/.install4j/
java.vendor.url=http://www.azul.com/
user.timezone=Europe/Berlin
java.vm.specification.version=17
os.name=Linux
sun.java.launcher=SUN_STANDARD
sun.boot.library.path=/home/ranger_merton/.local/share/i4j_...
install4j.alternativeLogfile=./.install4j/restarter.log
sun.java.command=install4j.App2252344770Id640 640 -inl...
jdk.debug=release
sun.cpu.endian=little
user.home=/home/ranger_merton
user.language=en
jdk.http.auth.tunneling.disabledSchemes=
java.specification.vendor=Oracle Corporation
java.version.date=2025-10-21
java.home=/home/ranger_merton/.local/share/i4j_...
file.separator=/
java.vm.compressedOopsMode=32-bit
line.separator=

java.vm.specification.vendor=Oracle Corporation
java.specification.name=Java Platform API Specification
jdk.lang.Process.allowAmbiguousCommands=false
exe4j.moduleName=/home/ranger_merton/Jts/1045/.install...
sun.management.compiler=HotSpot 64-Bit Tiered Compilers
java.security.manager=allow
java.runtime.version=17.0.16.0.101+1-LTS
user.name=ranger_merton
path.separator=:
java.net.useSystemProxies=true
os.version=6.8.0-124-generic
java.runtime.name=OpenJDK Runtime Environment
file.encoding=UTF-8
java.vm.name=OpenJDK 64-Bit Server VM
java.vendor.version=Zulu17.61+12-SA
install4j.jvmDir=/home/ranger_merton/.local/share/i4j_...
install4j.appDir=/home/ranger_merton/Jts/1045/
java.vendor.url.bug=http://www.azul.com/support/
java.io.tmpdir=/tmp
java.version=17.0.16.0.101
user.dir=/home/ranger_merton/.hermes/reports/g...
os.arch=amd64
java.vm.specification.name=Java Virtual Machine Specification
native.encoding=UTF-8
java.library.path=/home/ranger_merton/Jts/1045/.install...
java.vm.info=mixed mode
java.vendor=Azul Systems, Inc.
java.vm.version=17.0.16.0.101+1-LTS
java.specification.maintenance.version=1
sun.io.unicode.encoding=UnicodeLittle
java.class.version=61.0
install4j.swt=false
[INFO] com.install4j.runtime.beans.actions.control.SetVariableAction [ID 3021]: Execute action
       Property script: com.install4j.script.I4jScript_Internal_49
       Property variableName: launcherArgs
       Property failIfNull: true
       Property onlyIfUndefined: false
       Property responseFileVariable: false
       Property rollbackSupported: false
       Variable changed: launcherArgs
       Execute action successful after 12 ms
[INFO] com.install4j.runtime.beans.screens.StartupScreen [ID 3020]: command: move 1 screens, executing actions, checking condition
[INFO] com.install4j.runtime.beans.screens.FinishedScreen [ID 3017]: Show screen
[INFO] com.install4j.runtime.beans.actions.update.ShutdownCallingLauncherAction [ID 3018]: Execute action
       Property timeout: 60
       Property rollbackSupported: false
       Property wait: true
[ERROR] com.install4j.runtime.beans.actions.update.ShutdownCallingLauncherAction [ID 3018]: no shutdown file property
        Execute action not successful after 0 ms
[INFO] com.install4j.runtime.beans.actions.finish.ExecuteLauncherAction [ID 3019]: Execute action
       Property arguments: [[suppressed]]
       Property launcherId: 22
       Property rollbackSupported: false
       Launching /home/ranger_merton/Jts/1045/tws
       Execute action successful after 569 ms
[INFO] com.install4j.runtime.beans.screens.FinishedScreen [ID 3017]: command: finish
[INFO] cleaning up
[INFO] Finished at 2026-06-27 10:09:43
